<?xml version="1.0" encoding="UTF-8"?>
<!-- Generated by org.testng.reporters.JUnitReportReporter -->
<testsuite hostname="SURAJKUMAR" failures="0" tests="1" name="TestNG_Demo.Demo" time="0.008" errors="0" timestamp="2022-03-28T20:54:30 IST" skipped="0">
  <testcase classname="TestNG_Demo.Demo" name="testDemo" time="0.008"/>
  <system-out>
    <![CDATA[WelCome
Welcome to testing ]]>
  </system-out>
</testsuite> <!-- TestNG_Demo.Demo -->
