<?xml version="1.0" encoding="UTF-8"?>
<!-- Generated by org.testng.reporters.JUnitReportReporter -->
<testsuite skipped="0" hostname="SURAJKUMAR" name="TY_prac.UnitTest" tests="1" failures="0" timestamp="2022-01-25T23:03:27 IST" time="0.227" errors="0">
  <testcase name="update" time="0.227" classname="TY_prac.UnitTest"/>
  <system-out/>
</testsuite> <!-- TY_prac.UnitTest -->
