<?xml version="1.0" encoding="UTF-8"?>
<!-- Generated by org.testng.reporters.JUnitReportReporter -->
<testsuite hostname="SURAJKUMAR" failures="0" tests="1" name="com.interview.AllLinksAmazon" time="15.791" errors="0" timestamp="2022-03-28T21:02:26 IST" skipped="0">
  <testcase classname="com.interview.AllLinksAmazon" name="links" time="15.791"/>
  <system-out/>
</testsuite> <!-- com.interview.AllLinksAmazon -->
